<?xml version="1.0" encoding="UTF-8"?>
<!-- Generated by org.testng.reporters.JUnitReportReporter -->
<testsuite hostname="ideliver29" name="testcase.TC001_iceHrmAttendenceTest" tests="1" failures="0" timestamp="5 Jan 2021 09:51:25 GMT" time="49.883" errors="0">
  <testcase name="icehrmAttendenceTest" time="49.883" classname="testcase.TC001_iceHrmAttendenceTest"/>
</testsuite> <!-- testcase.TC001_iceHrmAttendenceTest -->
