<?xml version="1.0" encoding="UTF-8"?>
<!-- Generated by org.testng.reporters.JUnitReportReporter -->
<testsuite hostname="ideliver29" name="testcase.TC004_iceHrmTravelAproval" tests="1" failures="0" timestamp="27 Jan 2021 13:01:17 GMT" time="10.860" errors="0">
  <testcase name="iceHrmTravelAproval" time="10.860" classname="testcase.TC004_iceHrmTravelAproval"/>
</testsuite> <!-- testcase.TC004_iceHrmTravelAproval -->
