<?xml version="1.0" encoding="UTF-8"?>
<!-- Generated by org.testng.reporters.JUnitReportReporter -->
<testsuite hostname="ideliver29" name="testcase.TC002_iceHrmTravelRequestTest" tests="1" failures="0" timestamp="7 Jan 2021 15:36:32 GMT" time="17.859" errors="0">
  <testcase name="iceHrmTravelRequest" time="17.859" classname="testcase.TC002_iceHrmTravelRequestTest"/>
</testsuite> <!-- testcase.TC002_iceHrmTravelRequestTest -->
