<?xml version="1.0" encoding="UTF-8"?>
<!-- Generated by org.testng.reporters.JUnitReportReporter -->
<<<<<<< HEAD
<testsuite hostname="ideliver29" name="testcase.TC001_iceHrmAttendenceTest" tests="1" failures="0" timestamp="27 Jan 2021 12:34:36 GMT" time="46.470" errors="0">
  <testcase name="icehrmAttendenceTest" time="46.470" classname="testcase.TC001_iceHrmAttendenceTest"/>
</testsuite> <!-- testcase.TC001_iceHrmAttendenceTest -->
=======
<testsuite hostname="iDeliver20-PC" name="testcase.TC001_iceHrmAttendenceTest" tests="1" failures="0" timestamp="30 Dec 2020 12:47:40 GMT" time="53.791" errors="0">
  <testcase name="icehrmAttendenceTest" time="53.791" classname="testcase.TC001_iceHrmAttendenceTest"/>
</testsuite> <!-- testcase.TC001_iceHrmAttendenceTest -->
>>>>>>> branch 'master' of https://github.com/iDeliver1/iceHrmObjectModel.git
