<?xml version="1.0" encoding="UTF-8"?>
<!-- Generated by org.testng.reporters.JUnitReportReporter -->
<testsuite hostname="ideliver29" name="testcase.TC002_iceHrmTravelRequestTest" tests="1" failures="0" timestamp="27 Jan 2021 12:43:42 GMT" time="17.600" errors="0">
  <testcase name="iceHrmTravelRequest" time="17.600" classname="testcase.TC002_iceHrmTravelRequestTest"/>
</testsuite> <!-- testcase.TC002_iceHrmTravelRequestTest -->
