<?xml version="1.0" encoding="UTF-8"?>
<!-- Generated by org.testng.reporters.JUnitReportReporter -->
<testsuite hostname="ideliver29" name="testcase.TC003_iceHrmLeaveAprroval" tests="1" failures="0" timestamp="27 Jan 2021 12:57:19 GMT" time="92.343" errors="0">
  <testcase name="iceHrmLeaveAprroval" time="92.343" classname="testcase.TC003_iceHrmLeaveAprroval"/>
</testsuite> <!-- testcase.TC003_iceHrmLeaveAprroval -->
